<?xml version="1.0" encoding="UTF-8"?>
<!-- Generated by org.testng.reporters.JUnitReportReporter -->
<testsuite hostname="LAPTOP-0DGRR6PP" failures="0" tests="3" name="testscript.ManageNewsTest" time="14.681" errors="0" timestamp="2025-07-30T10:06:10 IST" skipped="0">
  <testcase classname="testscript.ManageNewsTest" name="verifyAddNewNewsWithValidData" time="4.515"/>
  <testcase classname="testscript.ManageNewsTest" name="verifyNotExistingNews" time="3.523"/>
  <testcase classname="testscript.ManageNewsTest" name="verifyExistingNewsDeleted" time="6.643"/>
</testsuite> <!-- testscript.ManageNewsTest -->
