<?xml version="1.0" encoding="UTF-8"?>
<!-- Generated by org.testng.reporters.JUnitReportReporter -->
<testsuite hostname="LAPTOP-0DGRR6PP" failures="0" tests="1" name="testscript.LogOutTest" time="7.209" errors="0" timestamp="2025-07-24T15:32:45 IST" skipped="0">
  <testcase classname="testscript.LogOutTest" name="logoutApplication" time="7.209"/>
</testsuite> <!-- testscript.LogOutTest -->
