<?xml version="1.0" encoding="UTF-8"?>
<!-- Generated by org.testng.reporters.JUnitReportReporter -->
<testsuite hostname="LAPTOP-0DGRR6PP" failures="0" tests="1" name="testscript.LogOutTest" time="5.890" errors="0" timestamp="2025-07-30T10:51:34 IST" skipped="0">
  <testcase classname="testscript.LogOutTest" name="logoutApplication" time="5.890"/>
</testsuite> <!-- testscript.LogOutTest -->
