<?xml version="1.0" encoding="UTF-8"?>
<!-- Generated by org.testng.reporters.JUnitReportReporter -->
<testsuite hostname="LAPTOP-0DGRR6PP" failures="0" tests="4" name="testscript.LoginTest" time="35.199" errors="0" timestamp="2025-07-18T11:03:51 IST" skipped="0">
  <testcase classname="testscript.LoginTest" name="verifyLoginWithInValidcredentials" time="6.429"/>
  <testcase classname="testscript.LoginTest" name="verifyLoginWithInValidcredentials" time="6.297"/>
  <testcase classname="testscript.LoginTest" name="verifyLoginWithInValidcredentials" time="9.297"/>
  <testcase classname="testscript.LoginTest" name="verifyLoginWithInValidcredentials" time="13.176"/>
</testsuite> <!-- testscript.LoginTest -->
