<?xml version="1.0" encoding="UTF-8"?>
<!-- Generated by org.testng.reporters.JUnitReportReporter -->
<testsuite hostname="LAPTOP-0DGRR6PP" failures="0" tests="1" name="testscript.LoginTest" time="3.738" errors="0" timestamp="2025-07-30T09:53:03 IST" skipped="0">
  <testcase classname="testscript.LoginTest" name="verifyLoginwithvalidcredentials" time="3.738"/>
</testsuite> <!-- testscript.LoginTest -->
