<?xml version="1.0" encoding="UTF-8"?>
<!-- Generated by org.testng.reporters.JUnitReportReporter -->
<testsuite hostname="LAPTOP-0DGRR6PP" failures="0" tests="1" name="testscript.AdminUsersTest" time="5.473" errors="0" timestamp="2025-07-30T10:20:40 IST" skipped="0">
  <testcase classname="testscript.AdminUsersTest" name="addValidAdminUsers" time="5.473"/>
</testsuite> <!-- testscript.AdminUsersTest -->
