<?xml version="1.0" encoding="UTF-8"?>
<!-- Generated by org.testng.reporters.JUnitReportReporter -->
<testsuite hostname="LAPTOP-0DGRR6PP" failures="0" tests="1" name="testscript.ManageContactTest" time="6.465" errors="0" timestamp="2025-07-21T11:24:04 IST" skipped="0">
  <testcase classname="testscript.ManageContactTest" name="updateContactWithValidData" time="6.465"/>
</testsuite> <!-- testscript.ManageContactTest -->
