<?xml version="1.0" encoding="UTF-8"?>
<!-- Generated by org.testng.reporters.JUnitReportReporter -->
<testsuite hostname="LAPTOP-0DGRR6PP" failures="0" tests="1" name="testscript.ManageFooterTest" time="16.348" errors="0" timestamp="2025-07-21T22:42:33 IST" skipped="0">
  <testcase classname="testscript.ManageFooterTest" name="updateFooterText" time="16.348"/>
</testsuite> <!-- testscript.ManageFooterTest -->
