<?xml version="1.0" encoding="UTF-8"?>
<!-- Generated by org.testng.reporters.JUnitReportReporter -->
<testsuite hostname="LAPTOP-0DGRR6PP" failures="0" tests="7" name="testscript.LoginTest" time="31.164" errors="0" timestamp="2025-07-30T10:01:34 IST" skipped="0">
  <testcase classname="testscript.LoginTest" name="verifyLoginWithInValidcredentials" time="3.002"/>
  <testcase classname="testscript.LoginTest" name="verifyLoginWithInValidcredentials" time="2.446"/>
  <testcase classname="testscript.LoginTest" name="verifyLoginWithInValidcredentials" time="4.960"/>
  <testcase classname="testscript.LoginTest" name="verifyLoginwithvalidcredentials" time="6.196"/>
  <testcase classname="testscript.LoginTest" name="verifyLoginWithInValidcredentials" time="2.296"/>
  <testcase classname="testscript.LoginTest" name="verifyLoginWithInValidUsernameAndvalidPassword" time="2.891"/>
  <testcase classname="testscript.LoginTest" name="verifyLoginWithValidUsernameAndInvalidPassword" time="9.373"/>
</testsuite> <!-- testscript.LoginTest -->
