<?xml version="1.0" encoding="UTF-8"?>
<!-- Generated by org.testng.reporters.JUnitReportReporter -->
<testsuite hostname="LAPTOP-0DGRR6PP" failures="0" tests="1" name="testscript.ManageFooterTest" time="5.450" errors="0" timestamp="2025-07-30T10:05:24 IST" skipped="0">
  <testcase classname="testscript.ManageFooterTest" name="updateFooterTextWithValidData" time="5.450"/>
</testsuite> <!-- testscript.ManageFooterTest -->
