<?xml version="1.0" encoding="UTF-8"?>
<!-- Generated by org.testng.reporters.JUnitReportReporter -->
<testsuite hostname="LAPTOP-0DGRR6PP" failures="0" tests="1" name="testscript.ManageContactTest" time="12.252" errors="0" timestamp="2025-07-29T14:12:49 IST" skipped="0">
  <testcase classname="testscript.ManageContactTest" name="updateContactWithValidData" time="12.252"/>
</testsuite> <!-- testscript.ManageContactTest -->
