<?xml version="1.0" encoding="UTF-8"?>
<!-- Generated by org.testng.reporters.JUnitReportReporter -->
<testsuite hostname="LAPTOP-0DGRR6PP" failures="0" tests="1" name="testscript.ManageContactTest" time="9.173" errors="0" timestamp="2025-07-30T10:04:54 IST" skipped="0">
  <testcase classname="testscript.ManageContactTest" name="updateContactWithValidData" time="9.173"/>
</testsuite> <!-- testscript.ManageContactTest -->
